2025-10-10 13:35:43,368 DEBUG    root            Loaded Command Group: ['gcloud', 'components']
2025-10-10 13:35:43,372 DEBUG    root            Loaded Command Group: ['gcloud', 'components', 'update']
2025-10-10 13:35:43,374 DEBUG    root            Running [gcloud.components.update] with arguments: [--compile-python: "True", --quiet: "True", COMPONENT-IDS:6: "['core', 'gcloud-deps', 'bq', 'gcloud', 'gcloud-crc32c', 'gsutil']"]
2025-10-10 13:35:43,375 INFO     ___FILE_ONLY___ Beginning update. This process may take several minutes.

2025-10-10 13:35:43,409 DEBUG    urllib3.connectionpool Starting new HTTPS connection (1): dl.google.com:443
2025-10-10 13:35:43,424 DEBUG    urllib3.connectionpool https://dl.google.com:443 "GET /dl/cloudsdk/channels/rapid/components-2.json HTTP/11" 200 233157
2025-10-10 13:35:43,434 INFO     ___FILE_ONLY___ 

2025-10-10 13:35:43,434 INFO     ___FILE_ONLY___ 
Your current Google Cloud CLI version is: 542.0.0

2025-10-10 13:35:43,434 INFO     ___FILE_ONLY___ Installing components from version: 542.0.0

2025-10-10 13:35:43,435 INFO     ___FILE_ONLY___ 

2025-10-10 13:35:43,435 DEBUG    root            Chosen display Format:table[box,title="These components will be removed."](details.display_name:label=Name:align=left,version.version_string:label=Version:align=right,data.size.size(zero="",min=1048576):label=Size:align=right)
2025-10-10 13:35:43,435 DEBUG    root            Chosen display Format:table[box,title="These components will be updated."](details.display_name:label=Name:align=left,version.version_string:label=Version:align=right,data.size.size(zero="",min=1048576):label=Size:align=right)
2025-10-10 13:35:43,436 DEBUG    root            Chosen display Format:table[box,title="These components will be installed."](details.display_name:label=Name:align=left,version.version_string:label=Version:align=right,data.size.size(zero="",min=1048576):label=Size:align=right)
2025-10-10 13:35:43,477 INFO     ___FILE_ONLY___ ┌─────────────────────────────────────────────────────────────────────────────┐
2025-10-10 13:35:43,477 INFO     ___FILE_ONLY___ 

2025-10-10 13:35:43,477 INFO     ___FILE_ONLY___ │                     These components will be installed.                     │
2025-10-10 13:35:43,477 INFO     ___FILE_ONLY___ 

2025-10-10 13:35:43,477 INFO     ___FILE_ONLY___ ├─────────────────────────────────────────────────────┬────────────┬──────────┤
2025-10-10 13:35:43,477 INFO     ___FILE_ONLY___ 

2025-10-10 13:35:43,477 INFO     ___FILE_ONLY___ │                         Name                        │  Version   │   Size   │
2025-10-10 13:35:43,477 INFO     ___FILE_ONLY___ 

2025-10-10 13:35:43,477 INFO     ___FILE_ONLY___ ├─────────────────────────────────────────────────────┼────────────┼──────────┤
2025-10-10 13:35:43,477 INFO     ___FILE_ONLY___ 

2025-10-10 13:35:43,477 INFO     ___FILE_ONLY___ │ 
2025-10-10 13:35:43,477 INFO     ___FILE_ONLY___ BigQuery Command Line Tool                         
2025-10-10 13:35:43,477 INFO     ___FILE_ONLY___  
2025-10-10 13:35:43,477 INFO     ___FILE_ONLY___ │ 
2025-10-10 13:35:43,477 INFO     ___FILE_ONLY___     2.1.24
2025-10-10 13:35:43,478 INFO     ___FILE_ONLY___  
2025-10-10 13:35:43,478 INFO     ___FILE_ONLY___ │ 
2025-10-10 13:35:43,478 INFO     ___FILE_ONLY___  1.8 MiB
2025-10-10 13:35:43,478 INFO     ___FILE_ONLY___  
2025-10-10 13:35:43,478 INFO     ___FILE_ONLY___ │
2025-10-10 13:35:43,478 INFO     ___FILE_ONLY___ 

2025-10-10 13:35:43,478 INFO     ___FILE_ONLY___ │ 
2025-10-10 13:35:43,478 INFO     ___FILE_ONLY___ BigQuery Command Line Tool (Platform Specific)     
2025-10-10 13:35:43,478 INFO     ___FILE_ONLY___  
2025-10-10 13:35:43,478 INFO     ___FILE_ONLY___ │ 
2025-10-10 13:35:43,478 INFO     ___FILE_ONLY___     2.1.17
2025-10-10 13:35:43,478 INFO     ___FILE_ONLY___  
2025-10-10 13:35:43,478 INFO     ___FILE_ONLY___ │ 
2025-10-10 13:35:43,478 INFO     ___FILE_ONLY___  < 1 MiB
2025-10-10 13:35:43,478 INFO     ___FILE_ONLY___  
2025-10-10 13:35:43,478 INFO     ___FILE_ONLY___ │
2025-10-10 13:35:43,478 INFO     ___FILE_ONLY___ 

2025-10-10 13:35:43,478 INFO     ___FILE_ONLY___ │ 
2025-10-10 13:35:43,479 INFO     ___FILE_ONLY___ Bundled Python 3.12 (Platform Specific)            
2025-10-10 13:35:43,479 INFO     ___FILE_ONLY___  
2025-10-10 13:35:43,479 INFO     ___FILE_ONLY___ │ 
2025-10-10 13:35:43,479 INFO     ___FILE_ONLY___     3.12.9
2025-10-10 13:35:43,479 INFO     ___FILE_ONLY___  
2025-10-10 13:35:43,479 INFO     ___FILE_ONLY___ │ 
2025-10-10 13:35:43,479 INFO     ___FILE_ONLY___ 89.3 MiB
2025-10-10 13:35:43,479 INFO     ___FILE_ONLY___  
2025-10-10 13:35:43,479 INFO     ___FILE_ONLY___ │
2025-10-10 13:35:43,479 INFO     ___FILE_ONLY___ 

2025-10-10 13:35:43,479 INFO     ___FILE_ONLY___ │ 
2025-10-10 13:35:43,479 INFO     ___FILE_ONLY___ Cloud Storage Command Line Tool                    
2025-10-10 13:35:43,479 INFO     ___FILE_ONLY___  
2025-10-10 13:35:43,479 INFO     ___FILE_ONLY___ │ 
2025-10-10 13:35:43,479 INFO     ___FILE_ONLY___       5.35
2025-10-10 13:35:43,479 INFO     ___FILE_ONLY___  
2025-10-10 13:35:43,479 INFO     ___FILE_ONLY___ │ 
2025-10-10 13:35:43,479 INFO     ___FILE_ONLY___ 12.4 MiB
2025-10-10 13:35:43,479 INFO     ___FILE_ONLY___  
2025-10-10 13:35:43,479 INFO     ___FILE_ONLY___ │
2025-10-10 13:35:43,479 INFO     ___FILE_ONLY___ 

2025-10-10 13:35:43,480 INFO     ___FILE_ONLY___ │ 
2025-10-10 13:35:43,480 INFO     ___FILE_ONLY___ Cloud Storage Command Line Tool (Platform Specific)
2025-10-10 13:35:43,480 INFO     ___FILE_ONLY___  
2025-10-10 13:35:43,480 INFO     ___FILE_ONLY___ │ 
2025-10-10 13:35:43,480 INFO     ___FILE_ONLY___       5.34
2025-10-10 13:35:43,480 INFO     ___FILE_ONLY___  
2025-10-10 13:35:43,480 INFO     ___FILE_ONLY___ │ 
2025-10-10 13:35:43,480 INFO     ___FILE_ONLY___  < 1 MiB
2025-10-10 13:35:43,480 INFO     ___FILE_ONLY___  
2025-10-10 13:35:43,480 INFO     ___FILE_ONLY___ │
2025-10-10 13:35:43,480 INFO     ___FILE_ONLY___ 

2025-10-10 13:35:43,480 INFO     ___FILE_ONLY___ │ 
2025-10-10 13:35:43,480 INFO     ___FILE_ONLY___ Google Cloud CLI Core Libraries (Platform Specific)
2025-10-10 13:35:43,480 INFO     ___FILE_ONLY___  
2025-10-10 13:35:43,480 INFO     ___FILE_ONLY___ │ 
2025-10-10 13:35:43,480 INFO     ___FILE_ONLY___ 2025.05.23
2025-10-10 13:35:43,480 INFO     ___FILE_ONLY___  
2025-10-10 13:35:43,480 INFO     ___FILE_ONLY___ │ 
2025-10-10 13:35:43,480 INFO     ___FILE_ONLY___  < 1 MiB
2025-10-10 13:35:43,480 INFO     ___FILE_ONLY___  
2025-10-10 13:35:43,480 INFO     ___FILE_ONLY___ │
2025-10-10 13:35:43,480 INFO     ___FILE_ONLY___ 

2025-10-10 13:35:43,481 INFO     ___FILE_ONLY___ │ 
2025-10-10 13:35:43,481 INFO     ___FILE_ONLY___ Google Cloud CRC32C Hash Tool (Platform Specific)  
2025-10-10 13:35:43,481 INFO     ___FILE_ONLY___  
2025-10-10 13:35:43,481 INFO     ___FILE_ONLY___ │ 
2025-10-10 13:35:43,481 INFO     ___FILE_ONLY___      1.0.0
2025-10-10 13:35:43,481 INFO     ___FILE_ONLY___  
2025-10-10 13:35:43,481 INFO     ___FILE_ONLY___ │ 
2025-10-10 13:35:43,481 INFO     ___FILE_ONLY___  1.5 MiB
2025-10-10 13:35:43,481 INFO     ___FILE_ONLY___  
2025-10-10 13:35:43,481 INFO     ___FILE_ONLY___ │
2025-10-10 13:35:43,481 INFO     ___FILE_ONLY___ 

2025-10-10 13:35:43,481 INFO     ___FILE_ONLY___ │ 
2025-10-10 13:35:43,481 INFO     ___FILE_ONLY___ gcloud cli dependencies (Platform Specific)        
2025-10-10 13:35:43,481 INFO     ___FILE_ONLY___  
2025-10-10 13:35:43,481 INFO     ___FILE_ONLY___ │ 
2025-10-10 13:35:43,481 INFO     ___FILE_ONLY___ 2021.04.16
2025-10-10 13:35:43,481 INFO     ___FILE_ONLY___  
2025-10-10 13:35:43,481 INFO     ___FILE_ONLY___ │ 
2025-10-10 13:35:43,481 INFO     ___FILE_ONLY___  < 1 MiB
2025-10-10 13:35:43,481 INFO     ___FILE_ONLY___  
2025-10-10 13:35:43,481 INFO     ___FILE_ONLY___ │
2025-10-10 13:35:43,481 INFO     ___FILE_ONLY___ 

2025-10-10 13:35:43,482 INFO     ___FILE_ONLY___ └─────────────────────────────────────────────────────┴────────────┴──────────┘
2025-10-10 13:35:43,482 INFO     ___FILE_ONLY___ 

2025-10-10 13:35:43,482 INFO     ___FILE_ONLY___ 

2025-10-10 13:35:43,484 DEBUG    urllib3.connectionpool Starting new HTTPS connection (1): dl.google.com:443
2025-10-10 13:35:43,496 DEBUG    urllib3.connectionpool https://dl.google.com:443 "GET /dl/cloudsdk/channels/rapid/RELEASE_NOTES HTTP/11" 200 1495872
2025-10-10 13:35:44,012 INFO     ___FILE_ONLY___ For the latest full release notes, please visit:
  https://cloud.google.com/sdk/release_notes


2025-10-10 13:35:44,012 INFO     ___FILE_ONLY___ Performing in place update...


2025-10-10 13:35:44,014 INFO     ___FILE_ONLY___ ╔════════════════════════════════════════════════════════════╗

2025-10-10 13:35:44,015 INFO     ___FILE_ONLY___ ╠═ Downloading: BigQuery Command Line Tool                  ═╣

2025-10-10 13:35:44,015 INFO     ___FILE_ONLY___ ╚
2025-10-10 13:35:44,017 DEBUG    urllib3.connectionpool Starting new HTTPS connection (1): dl.google.com:443
2025-10-10 13:35:44,028 DEBUG    urllib3.connectionpool https://dl.google.com:443 "GET /dl/cloudsdk/channels/rapid/components/google-cloud-sdk-bq-20250929142209.tar.gz HTTP/11" 200 1861858
2025-10-10 13:35:44,040 INFO     ___FILE_ONLY___ ═
2025-10-10 13:35:44,040 INFO     ___FILE_ONLY___ ═
2025-10-10 13:35:44,040 INFO     ___FILE_ONLY___ ═
2025-10-10 13:35:44,040 INFO     ___FILE_ONLY___ ═
2025-10-10 13:35:44,040 INFO     ___FILE_ONLY___ ═
2025-10-10 13:35:44,040 INFO     ___FILE_ONLY___ ═
2025-10-10 13:35:44,040 INFO     ___FILE_ONLY___ ═
2025-10-10 13:35:44,040 INFO     ___FILE_ONLY___ ═
2025-10-10 13:35:44,041 INFO     ___FILE_ONLY___ ═
2025-10-10 13:35:44,041 INFO     ___FILE_ONLY___ ═
2025-10-10 13:35:44,041 INFO     ___FILE_ONLY___ ═
2025-10-10 13:35:44,041 INFO     ___FILE_ONLY___ ═
2025-10-10 13:35:44,041 INFO     ___FILE_ONLY___ ═
2025-10-10 13:35:44,041 INFO     ___FILE_ONLY___ ═
2025-10-10 13:35:44,041 INFO     ___FILE_ONLY___ ═
2025-10-10 13:35:44,041 INFO     ___FILE_ONLY___ ═
2025-10-10 13:35:44,041 INFO     ___FILE_ONLY___ ═
2025-10-10 13:35:44,041 INFO     ___FILE_ONLY___ ═
2025-10-10 13:35:44,041 INFO     ___FILE_ONLY___ ═
2025-10-10 13:35:44,041 INFO     ___FILE_ONLY___ ═
2025-10-10 13:35:44,041 INFO     ___FILE_ONLY___ ═
2025-10-10 13:35:44,042 INFO     ___FILE_ONLY___ ═
2025-10-10 13:35:44,042 INFO     ___FILE_ONLY___ ═
2025-10-10 13:35:44,042 INFO     ___FILE_ONLY___ ═
2025-10-10 13:35:44,042 INFO     ___FILE_ONLY___ ═
2025-10-10 13:35:44,042 INFO     ___FILE_ONLY___ ═
2025-10-10 13:35:44,042 INFO     ___FILE_ONLY___ ═
2025-10-10 13:35:44,042 INFO     ___FILE_ONLY___ ═
2025-10-10 13:35:44,042 INFO     ___FILE_ONLY___ ═
2025-10-10 13:35:44,042 INFO     ___FILE_ONLY___ ═
2025-10-10 13:35:44,042 INFO     ___FILE_ONLY___ ═
2025-10-10 13:35:44,042 INFO     ___FILE_ONLY___ ═
2025-10-10 13:35:44,042 INFO     ___FILE_ONLY___ ═
2025-10-10 13:35:44,043 INFO     ___FILE_ONLY___ ═
2025-10-10 13:35:44,043 INFO     ___FILE_ONLY___ ═
2025-10-10 13:35:44,043 INFO     ___FILE_ONLY___ ═
2025-10-10 13:35:44,043 INFO     ___FILE_ONLY___ ═
2025-10-10 13:35:44,043 INFO     ___FILE_ONLY___ ═
2025-10-10 13:35:44,043 INFO     ___FILE_ONLY___ ═
2025-10-10 13:35:44,043 INFO     ___FILE_ONLY___ ═
2025-10-10 13:35:44,043 INFO     ___FILE_ONLY___ ═
2025-10-10 13:35:44,043 INFO     ___FILE_ONLY___ ═
2025-10-10 13:35:44,043 INFO     ___FILE_ONLY___ ═
2025-10-10 13:35:44,043 INFO     ___FILE_ONLY___ ═
2025-10-10 13:35:44,043 INFO     ___FILE_ONLY___ ═
2025-10-10 13:35:44,044 INFO     ___FILE_ONLY___ ═
2025-10-10 13:35:44,044 INFO     ___FILE_ONLY___ ═
2025-10-10 13:35:44,044 INFO     ___FILE_ONLY___ ═
2025-10-10 13:35:44,044 INFO     ___FILE_ONLY___ ═
2025-10-10 13:35:44,044 INFO     ___FILE_ONLY___ ═
2025-10-10 13:35:44,044 INFO     ___FILE_ONLY___ ═
2025-10-10 13:35:44,044 INFO     ___FILE_ONLY___ ═
2025-10-10 13:35:44,044 INFO     ___FILE_ONLY___ ═
2025-10-10 13:35:44,044 INFO     ___FILE_ONLY___ ═
2025-10-10 13:35:44,044 INFO     ___FILE_ONLY___ ═
2025-10-10 13:35:44,044 INFO     ___FILE_ONLY___ ═
2025-10-10 13:35:44,045 INFO     ___FILE_ONLY___ ═
2025-10-10 13:35:44,045 INFO     ___FILE_ONLY___ ═
2025-10-10 13:35:44,045 INFO     ___FILE_ONLY___ ═
2025-10-10 13:35:44,045 INFO     ___FILE_ONLY___ ═
2025-10-10 13:35:44,045 INFO     ___FILE_ONLY___ ╝

2025-10-10 13:35:44,047 INFO     ___FILE_ONLY___ ╔════════════════════════════════════════════════════════════╗

2025-10-10 13:35:44,047 INFO     ___FILE_ONLY___ ╠═ Downloading: BigQuery Command Line Tool (Platform Spe... ═╣

2025-10-10 13:35:44,047 INFO     ___FILE_ONLY___ ╚
2025-10-10 13:35:44,050 DEBUG    urllib3.connectionpool Starting new HTTPS connection (1): dl.google.com:443
2025-10-10 13:35:44,060 DEBUG    urllib3.connectionpool https://dl.google.com:443 "GET /dl/cloudsdk/channels/rapid/components/google-cloud-sdk-bq-nix-20250523104322.tar.gz HTTP/11" 200 1935
2025-10-10 13:35:44,061 INFO     ___FILE_ONLY___ ════════════════════════════════════════════════════════════
2025-10-10 13:35:44,061 INFO     ___FILE_ONLY___ ╝

2025-10-10 13:35:44,063 INFO     ___FILE_ONLY___ ╔════════════════════════════════════════════════════════════╗

2025-10-10 13:35:44,063 INFO     ___FILE_ONLY___ ╠═ Downloading: Bundled Python 3.12                         ═╣

2025-10-10 13:35:44,063 INFO     ___FILE_ONLY___ ╚
2025-10-10 13:35:44,063 INFO     ___FILE_ONLY___ ════════════════════════════════════════════════════════════
2025-10-10 13:35:44,063 INFO     ___FILE_ONLY___ ╝

2025-10-10 13:35:44,065 INFO     ___FILE_ONLY___ ╔════════════════════════════════════════════════════════════╗

2025-10-10 13:35:44,065 INFO     ___FILE_ONLY___ ╠═ Downloading: Bundled Python 3.12 (Platform Specific)     ═╣

2025-10-10 13:35:44,065 INFO     ___FILE_ONLY___ ╚
2025-10-10 13:35:44,067 DEBUG    urllib3.connectionpool Starting new HTTPS connection (1): dl.google.com:443
2025-10-10 13:35:44,083 DEBUG    urllib3.connectionpool https://dl.google.com:443 "GET /dl/cloudsdk/channels/rapid/components/google-cloud-sdk-bundled-python3-unix-linux-x86_64-20250502143716.tar.gz HTTP/11" 200 93610468
2025-10-10 13:35:44,407 INFO     ___FILE_ONLY___ ═
2025-10-10 13:35:44,408 INFO     ___FILE_ONLY___ ═
2025-10-10 13:35:44,410 INFO     ___FILE_ONLY___ ═
2025-10-10 13:35:44,411 INFO     ___FILE_ONLY___ ═
2025-10-10 13:35:44,413 INFO     ___FILE_ONLY___ ═
2025-10-10 13:35:44,415 INFO     ___FILE_ONLY___ ═
2025-10-10 13:35:44,416 INFO     ___FILE_ONLY___ ═
2025-10-10 13:35:44,418 INFO     ___FILE_ONLY___ ═
2025-10-10 13:35:44,420 INFO     ___FILE_ONLY___ ═
2025-10-10 13:35:44,421 INFO     ___FILE_ONLY___ ═
2025-10-10 13:35:44,423 INFO     ___FILE_ONLY___ ═
2025-10-10 13:35:44,424 INFO     ___FILE_ONLY___ ═
2025-10-10 13:35:44,426 INFO     ___FILE_ONLY___ ═
2025-10-10 13:35:44,428 INFO     ___FILE_ONLY___ ═
2025-10-10 13:35:44,429 INFO     ___FILE_ONLY___ ═
2025-10-10 13:35:44,431 INFO     ___FILE_ONLY___ ═
2025-10-10 13:35:44,433 INFO     ___FILE_ONLY___ ═
2025-10-10 13:35:44,434 INFO     ___FILE_ONLY___ ═
2025-10-10 13:35:44,436 INFO     ___FILE_ONLY___ ═
2025-10-10 13:35:44,438 INFO     ___FILE_ONLY___ ═
2025-10-10 13:35:44,439 INFO     ___FILE_ONLY___ ═
2025-10-10 13:35:44,441 INFO     ___FILE_ONLY___ ═
2025-10-10 13:35:44,442 INFO     ___FILE_ONLY___ ═
2025-10-10 13:35:44,444 INFO     ___FILE_ONLY___ ═
2025-10-10 13:35:44,446 INFO     ___FILE_ONLY___ ═
2025-10-10 13:35:44,447 INFO     ___FILE_ONLY___ ═
2025-10-10 13:35:44,449 INFO     ___FILE_ONLY___ ═
2025-10-10 13:35:44,450 INFO     ___FILE_ONLY___ ═
2025-10-10 13:35:44,452 INFO     ___FILE_ONLY___ ═
2025-10-10 13:35:44,454 INFO     ___FILE_ONLY___ ═
2025-10-10 13:35:44,455 INFO     ___FILE_ONLY___ ═
2025-10-10 13:35:44,457 INFO     ___FILE_ONLY___ ═
2025-10-10 13:35:44,459 INFO     ___FILE_ONLY___ ═
2025-10-10 13:35:44,460 INFO     ___FILE_ONLY___ ═
2025-10-10 13:35:44,462 INFO     ___FILE_ONLY___ ═
2025-10-10 13:35:44,463 INFO     ___FILE_ONLY___ ═
2025-10-10 13:35:44,465 INFO     ___FILE_ONLY___ ═
2025-10-10 13:35:44,467 INFO     ___FILE_ONLY___ ═
2025-10-10 13:35:44,468 INFO     ___FILE_ONLY___ ═
2025-10-10 13:35:44,470 INFO     ___FILE_ONLY___ ═
2025-10-10 13:35:44,471 INFO     ___FILE_ONLY___ ═
2025-10-10 13:35:44,473 INFO     ___FILE_ONLY___ ═
2025-10-10 13:35:44,475 INFO     ___FILE_ONLY___ ═
2025-10-10 13:35:44,476 INFO     ___FILE_ONLY___ ═
2025-10-10 13:35:44,478 INFO     ___FILE_ONLY___ ═
2025-10-10 13:35:44,479 INFO     ___FILE_ONLY___ ═
2025-10-10 13:35:44,481 INFO     ___FILE_ONLY___ ═
2025-10-10 13:35:44,483 INFO     ___FILE_ONLY___ ═
2025-10-10 13:35:44,484 INFO     ___FILE_ONLY___ ═
2025-10-10 13:35:44,486 INFO     ___FILE_ONLY___ ═
2025-10-10 13:35:44,488 INFO     ___FILE_ONLY___ ═
2025-10-10 13:35:44,489 INFO     ___FILE_ONLY___ ═
2025-10-10 13:35:44,491 INFO     ___FILE_ONLY___ ═
2025-10-10 13:35:44,492 INFO     ___FILE_ONLY___ ═
2025-10-10 13:35:44,494 INFO     ___FILE_ONLY___ ═
2025-10-10 13:35:44,496 INFO     ___FILE_ONLY___ ═
2025-10-10 13:35:44,497 INFO     ___FILE_ONLY___ ═
2025-10-10 13:35:44,499 INFO     ___FILE_ONLY___ ═
2025-10-10 13:35:44,501 INFO     ___FILE_ONLY___ ═
2025-10-10 13:35:44,502 INFO     ___FILE_ONLY___ ═
2025-10-10 13:35:44,502 INFO     ___FILE_ONLY___ ╝

2025-10-10 13:35:44,505 INFO     ___FILE_ONLY___ ╔════════════════════════════════════════════════════════════╗

2025-10-10 13:35:44,505 INFO     ___FILE_ONLY___ ╠═ Downloading: Cloud Storage Command Line Tool             ═╣

2025-10-10 13:35:44,505 INFO     ___FILE_ONLY___ ╚
2025-10-10 13:35:44,507 DEBUG    urllib3.connectionpool Starting new HTTPS connection (1): dl.google.com:443
2025-10-10 13:35:44,523 DEBUG    urllib3.connectionpool https://dl.google.com:443 "GET /dl/cloudsdk/channels/rapid/components/google-cloud-sdk-gsutil-20250627154417.tar.gz HTTP/11" 200 12962791
2025-10-10 13:35:44,571 INFO     ___FILE_ONLY___ ═
2025-10-10 13:35:44,571 INFO     ___FILE_ONLY___ ═
2025-10-10 13:35:44,572 INFO     ___FILE_ONLY___ ═
2025-10-10 13:35:44,572 INFO     ___FILE_ONLY___ ═
2025-10-10 13:35:44,572 INFO     ___FILE_ONLY___ ═
2025-10-10 13:35:44,573 INFO     ___FILE_ONLY___ ═
2025-10-10 13:35:44,573 INFO     ___FILE_ONLY___ ═
2025-10-10 13:35:44,573 INFO     ___FILE_ONLY___ ═
2025-10-10 13:35:44,573 INFO     ___FILE_ONLY___ ═
2025-10-10 13:35:44,574 INFO     ___FILE_ONLY___ ═
2025-10-10 13:35:44,574 INFO     ___FILE_ONLY___ ═
2025-10-10 13:35:44,574 INFO     ___FILE_ONLY___ ═
2025-10-10 13:35:44,575 INFO     ___FILE_ONLY___ ═
2025-10-10 13:35:44,575 INFO     ___FILE_ONLY___ ═
2025-10-10 13:35:44,575 INFO     ___FILE_ONLY___ ═
2025-10-10 13:35:44,575 INFO     ___FILE_ONLY___ ═
2025-10-10 13:35:44,576 INFO     ___FILE_ONLY___ ═
2025-10-10 13:35:44,576 INFO     ___FILE_ONLY___ ═
2025-10-10 13:35:44,576 INFO     ___FILE_ONLY___ ═
2025-10-10 13:35:44,576 INFO     ___FILE_ONLY___ ═
2025-10-10 13:35:44,577 INFO     ___FILE_ONLY___ ═
2025-10-10 13:35:44,577 INFO     ___FILE_ONLY___ ═
2025-10-10 13:35:44,577 INFO     ___FILE_ONLY___ ═
2025-10-10 13:35:44,577 INFO     ___FILE_ONLY___ ═
2025-10-10 13:35:44,578 INFO     ___FILE_ONLY___ ═
2025-10-10 13:35:44,578 INFO     ___FILE_ONLY___ ═
2025-10-10 13:35:44,578 INFO     ___FILE_ONLY___ ═
2025-10-10 13:35:44,579 INFO     ___FILE_ONLY___ ═
2025-10-10 13:35:44,579 INFO     ___FILE_ONLY___ ═
2025-10-10 13:35:44,579 INFO     ___FILE_ONLY___ ═
2025-10-10 13:35:44,579 INFO     ___FILE_ONLY___ ═
2025-10-10 13:35:44,580 INFO     ___FILE_ONLY___ ═
2025-10-10 13:35:44,580 INFO     ___FILE_ONLY___ ═
2025-10-10 13:35:44,580 INFO     ___FILE_ONLY___ ═
2025-10-10 13:35:44,580 INFO     ___FILE_ONLY___ ═
2025-10-10 13:35:44,581 INFO     ___FILE_ONLY___ ═
2025-10-10 13:35:44,581 INFO     ___FILE_ONLY___ ═
2025-10-10 13:35:44,581 INFO     ___FILE_ONLY___ ═
2025-10-10 13:35:44,581 INFO     ___FILE_ONLY___ ═
2025-10-10 13:35:44,582 INFO     ___FILE_ONLY___ ═
2025-10-10 13:35:44,582 INFO     ___FILE_ONLY___ ═
2025-10-10 13:35:44,582 INFO     ___FILE_ONLY___ ═
2025-10-10 13:35:44,583 INFO     ___FILE_ONLY___ ═
2025-10-10 13:35:44,583 INFO     ___FILE_ONLY___ ═
2025-10-10 13:35:44,583 INFO     ___FILE_ONLY___ ═
2025-10-10 13:35:44,584 INFO     ___FILE_ONLY___ ═
2025-10-10 13:35:44,584 INFO     ___FILE_ONLY___ ═
2025-10-10 13:35:44,584 INFO     ___FILE_ONLY___ ═
2025-10-10 13:35:44,585 INFO     ___FILE_ONLY___ ═
2025-10-10 13:35:44,585 INFO     ___FILE_ONLY___ ═
2025-10-10 13:35:44,585 INFO     ___FILE_ONLY___ ═
2025-10-10 13:35:44,585 INFO     ___FILE_ONLY___ ═
2025-10-10 13:35:44,586 INFO     ___FILE_ONLY___ ═
2025-10-10 13:35:44,586 INFO     ___FILE_ONLY___ ═
2025-10-10 13:35:44,586 INFO     ___FILE_ONLY___ ═
2025-10-10 13:35:44,587 INFO     ___FILE_ONLY___ ═
2025-10-10 13:35:44,587 INFO     ___FILE_ONLY___ ═
2025-10-10 13:35:44,587 INFO     ___FILE_ONLY___ ═
2025-10-10 13:35:44,587 INFO     ___FILE_ONLY___ ═
2025-10-10 13:35:44,588 INFO     ___FILE_ONLY___ ═
2025-10-10 13:35:44,588 INFO     ___FILE_ONLY___ ╝

2025-10-10 13:35:44,590 INFO     ___FILE_ONLY___ ╔════════════════════════════════════════════════════════════╗

2025-10-10 13:35:44,590 INFO     ___FILE_ONLY___ ╠═ Downloading: Cloud Storage Command Line Tool (Platfor... ═╣

2025-10-10 13:35:44,590 INFO     ___FILE_ONLY___ ╚
2025-10-10 13:35:44,593 DEBUG    urllib3.connectionpool Starting new HTTPS connection (1): dl.google.com:443
2025-10-10 13:35:44,606 DEBUG    urllib3.connectionpool https://dl.google.com:443 "GET /dl/cloudsdk/channels/rapid/components/google-cloud-sdk-gsutil-nix-20250523104322.tar.gz HTTP/11" 200 1950
2025-10-10 13:35:44,606 INFO     ___FILE_ONLY___ ════════════════════════════════════════════════════════════
2025-10-10 13:35:44,606 INFO     ___FILE_ONLY___ ╝

2025-10-10 13:35:44,608 INFO     ___FILE_ONLY___ ╔════════════════════════════════════════════════════════════╗

2025-10-10 13:35:44,608 INFO     ___FILE_ONLY___ ╠═ Downloading: Default set of gcloud commands              ═╣

2025-10-10 13:35:44,608 INFO     ___FILE_ONLY___ ╚
2025-10-10 13:35:44,608 INFO     ___FILE_ONLY___ ════════════════════════════════════════════════════════════
2025-10-10 13:35:44,608 INFO     ___FILE_ONLY___ ╝

2025-10-10 13:35:44,610 INFO     ___FILE_ONLY___ ╔════════════════════════════════════════════════════════════╗

2025-10-10 13:35:44,610 INFO     ___FILE_ONLY___ ╠═ Downloading: Google Cloud CLI Core Libraries (Platfor... ═╣

2025-10-10 13:35:44,610 INFO     ___FILE_ONLY___ ╚
2025-10-10 13:35:44,612 DEBUG    urllib3.connectionpool Starting new HTTPS connection (1): dl.google.com:443
2025-10-10 13:35:44,627 DEBUG    urllib3.connectionpool https://dl.google.com:443 "GET /dl/cloudsdk/channels/rapid/components/google-cloud-sdk-core-nix-20250523104322.tar.gz HTTP/11" 200 2325
2025-10-10 13:35:44,627 INFO     ___FILE_ONLY___ ════════════════════════════════════════════════════════════
2025-10-10 13:35:44,628 INFO     ___FILE_ONLY___ ╝

2025-10-10 13:35:44,629 INFO     ___FILE_ONLY___ ╔════════════════════════════════════════════════════════════╗

2025-10-10 13:35:44,629 INFO     ___FILE_ONLY___ ╠═ Downloading: Google Cloud CRC32C Hash Tool               ═╣

2025-10-10 13:35:44,629 INFO     ___FILE_ONLY___ ╚
2025-10-10 13:35:44,630 INFO     ___FILE_ONLY___ ════════════════════════════════════════════════════════════
2025-10-10 13:35:44,630 INFO     ___FILE_ONLY___ ╝

2025-10-10 13:35:44,631 INFO     ___FILE_ONLY___ ╔════════════════════════════════════════════════════════════╗

2025-10-10 13:35:44,631 INFO     ___FILE_ONLY___ ╠═ Downloading: Google Cloud CRC32C Hash Tool (Platform ... ═╣

2025-10-10 13:35:44,631 INFO     ___FILE_ONLY___ ╚
2025-10-10 13:35:44,634 DEBUG    urllib3.connectionpool Starting new HTTPS connection (1): dl.google.com:443
2025-10-10 13:35:44,645 DEBUG    urllib3.connectionpool https://dl.google.com:443 "GET /dl/cloudsdk/channels/rapid/components/google-cloud-sdk-gcloud-crc32c-linux-x86_64-20250613150750.tar.gz HTTP/11" 200 1525557
2025-10-10 13:35:44,655 INFO     ___FILE_ONLY___ ═
2025-10-10 13:35:44,655 INFO     ___FILE_ONLY___ ═
2025-10-10 13:35:44,655 INFO     ___FILE_ONLY___ ═
2025-10-10 13:35:44,655 INFO     ___FILE_ONLY___ ═
2025-10-10 13:35:44,655 INFO     ___FILE_ONLY___ ═
2025-10-10 13:35:44,656 INFO     ___FILE_ONLY___ ═
2025-10-10 13:35:44,656 INFO     ___FILE_ONLY___ ═
2025-10-10 13:35:44,656 INFO     ___FILE_ONLY___ ═
2025-10-10 13:35:44,656 INFO     ___FILE_ONLY___ ═
2025-10-10 13:35:44,656 INFO     ___FILE_ONLY___ ═
2025-10-10 13:35:44,656 INFO     ___FILE_ONLY___ ═
2025-10-10 13:35:44,656 INFO     ___FILE_ONLY___ ═
2025-10-10 13:35:44,656 INFO     ___FILE_ONLY___ ═
2025-10-10 13:35:44,656 INFO     ___FILE_ONLY___ ═
2025-10-10 13:35:44,656 INFO     ___FILE_ONLY___ ═
2025-10-10 13:35:44,656 INFO     ___FILE_ONLY___ ═
2025-10-10 13:35:44,656 INFO     ___FILE_ONLY___ ═
2025-10-10 13:35:44,656 INFO     ___FILE_ONLY___ ═
2025-10-10 13:35:44,657 INFO     ___FILE_ONLY___ ═
2025-10-10 13:35:44,657 INFO     ___FILE_ONLY___ ═
2025-10-10 13:35:44,657 INFO     ___FILE_ONLY___ ═
2025-10-10 13:35:44,657 INFO     ___FILE_ONLY___ ═
2025-10-10 13:35:44,657 INFO     ___FILE_ONLY___ ═
2025-10-10 13:35:44,657 INFO     ___FILE_ONLY___ ═
2025-10-10 13:35:44,657 INFO     ___FILE_ONLY___ ═
2025-10-10 13:35:44,657 INFO     ___FILE_ONLY___ ═
2025-10-10 13:35:44,657 INFO     ___FILE_ONLY___ ═
2025-10-10 13:35:44,657 INFO     ___FILE_ONLY___ ═
2025-10-10 13:35:44,657 INFO     ___FILE_ONLY___ ═
2025-10-10 13:35:44,657 INFO     ___FILE_ONLY___ ═
2025-10-10 13:35:44,657 INFO     ___FILE_ONLY___ ═
2025-10-10 13:35:44,658 INFO     ___FILE_ONLY___ ═
2025-10-10 13:35:44,658 INFO     ___FILE_ONLY___ ═
2025-10-10 13:35:44,658 INFO     ___FILE_ONLY___ ═
2025-10-10 13:35:44,658 INFO     ___FILE_ONLY___ ═
2025-10-10 13:35:44,658 INFO     ___FILE_ONLY___ ═
2025-10-10 13:35:44,658 INFO     ___FILE_ONLY___ ═
2025-10-10 13:35:44,658 INFO     ___FILE_ONLY___ ═
2025-10-10 13:35:44,658 INFO     ___FILE_ONLY___ ═
2025-10-10 13:35:44,658 INFO     ___FILE_ONLY___ ═
2025-10-10 13:35:44,658 INFO     ___FILE_ONLY___ ═
2025-10-10 13:35:44,658 INFO     ___FILE_ONLY___ ═
2025-10-10 13:35:44,658 INFO     ___FILE_ONLY___ ═
2025-10-10 13:35:44,658 INFO     ___FILE_ONLY___ ═
2025-10-10 13:35:44,659 INFO     ___FILE_ONLY___ ═
2025-10-10 13:35:44,659 INFO     ___FILE_ONLY___ ═
2025-10-10 13:35:44,659 INFO     ___FILE_ONLY___ ═
2025-10-10 13:35:44,659 INFO     ___FILE_ONLY___ ═
2025-10-10 13:35:44,659 INFO     ___FILE_ONLY___ ═
2025-10-10 13:35:44,659 INFO     ___FILE_ONLY___ ═
2025-10-10 13:35:44,659 INFO     ___FILE_ONLY___ ═
2025-10-10 13:35:44,659 INFO     ___FILE_ONLY___ ═
2025-10-10 13:35:44,659 INFO     ___FILE_ONLY___ ═
2025-10-10 13:35:44,659 INFO     ___FILE_ONLY___ ═
2025-10-10 13:35:44,659 INFO     ___FILE_ONLY___ ═
2025-10-10 13:35:44,659 INFO     ___FILE_ONLY___ ═
2025-10-10 13:35:44,659 INFO     ___FILE_ONLY___ ═
2025-10-10 13:35:44,660 INFO     ___FILE_ONLY___ ═
2025-10-10 13:35:44,660 INFO     ___FILE_ONLY___ ═
2025-10-10 13:35:44,660 INFO     ___FILE_ONLY___ ═
2025-10-10 13:35:44,660 INFO     ___FILE_ONLY___ ╝

2025-10-10 13:35:44,661 INFO     ___FILE_ONLY___ ╔════════════════════════════════════════════════════════════╗

2025-10-10 13:35:44,662 INFO     ___FILE_ONLY___ ╠═ Downloading: gcloud cli dependencies (Platform Specific) ═╣

2025-10-10 13:35:44,662 INFO     ___FILE_ONLY___ ╚
2025-10-10 13:35:44,664 DEBUG    urllib3.connectionpool Starting new HTTPS connection (1): dl.google.com:443
2025-10-10 13:35:44,673 DEBUG    urllib3.connectionpool https://dl.google.com:443 "GET /dl/cloudsdk/channels/rapid/components/google-cloud-sdk-gcloud-deps-linux-x86_64-20210416153011.tar.gz HTTP/11" 200 104
2025-10-10 13:35:44,674 INFO     ___FILE_ONLY___ ════════════════════════════════════════════════════════════
2025-10-10 13:35:44,674 INFO     ___FILE_ONLY___ ╝

2025-10-10 13:35:44,676 INFO     ___FILE_ONLY___ ╔════════════════════════════════════════════════════════════╗

2025-10-10 13:35:44,676 INFO     ___FILE_ONLY___ ╠═ Installing: BigQuery Command Line Tool                   ═╣

2025-10-10 13:35:44,676 INFO     ___FILE_ONLY___ ╚
2025-10-10 13:35:44,768 INFO     ___FILE_ONLY___ ═
2025-10-10 13:35:44,771 INFO     ___FILE_ONLY___ ═
2025-10-10 13:35:44,773 INFO     ___FILE_ONLY___ ═
2025-10-10 13:35:44,775 INFO     ___FILE_ONLY___ ═
2025-10-10 13:35:44,777 INFO     ___FILE_ONLY___ ═
2025-10-10 13:35:44,780 INFO     ___FILE_ONLY___ ═
2025-10-10 13:35:44,782 INFO     ___FILE_ONLY___ ═
2025-10-10 13:35:44,784 INFO     ___FILE_ONLY___ ═
2025-10-10 13:35:44,786 INFO     ___FILE_ONLY___ ═
2025-10-10 13:35:44,788 INFO     ___FILE_ONLY___ ═
2025-10-10 13:35:44,790 INFO     ___FILE_ONLY___ ═
2025-10-10 13:35:44,792 INFO     ___FILE_ONLY___ ═
2025-10-10 13:35:44,794 INFO     ___FILE_ONLY___ ═
2025-10-10 13:35:44,796 INFO     ___FILE_ONLY___ ═
2025-10-10 13:35:44,798 INFO     ___FILE_ONLY___ ═
2025-10-10 13:35:44,800 INFO     ___FILE_ONLY___ ═
2025-10-10 13:35:44,802 INFO     ___FILE_ONLY___ ═
2025-10-10 13:35:44,804 INFO     ___FILE_ONLY___ ═
2025-10-10 13:35:44,806 INFO     ___FILE_ONLY___ ═
2025-10-10 13:35:44,809 INFO     ___FILE_ONLY___ ═
2025-10-10 13:35:44,812 INFO     ___FILE_ONLY___ ═
2025-10-10 13:35:44,814 INFO     ___FILE_ONLY___ ═
2025-10-10 13:35:44,816 INFO     ___FILE_ONLY___ ═
2025-10-10 13:35:44,818 INFO     ___FILE_ONLY___ ═
2025-10-10 13:35:44,819 INFO     ___FILE_ONLY___ ═
2025-10-10 13:35:44,821 INFO     ___FILE_ONLY___ ═
2025-10-10 13:35:44,823 INFO     ___FILE_ONLY___ ═
2025-10-10 13:35:44,825 INFO     ___FILE_ONLY___ ═
2025-10-10 13:35:44,827 INFO     ___FILE_ONLY___ ═
2025-10-10 13:35:44,831 INFO     ___FILE_ONLY___ ═
2025-10-10 13:35:44,833 INFO     ___FILE_ONLY___ ═
2025-10-10 13:35:44,835 INFO     ___FILE_ONLY___ ═
2025-10-10 13:35:44,836 INFO     ___FILE_ONLY___ ═
2025-10-10 13:35:44,840 INFO     ___FILE_ONLY___ ═
2025-10-10 13:35:44,842 INFO     ___FILE_ONLY___ ═
2025-10-10 13:35:44,849 INFO     ___FILE_ONLY___ ═
2025-10-10 13:35:44,854 INFO     ___FILE_ONLY___ ═
2025-10-10 13:35:44,858 INFO     ___FILE_ONLY___ ═
2025-10-10 13:35:44,860 INFO     ___FILE_ONLY___ ═
2025-10-10 13:35:44,862 INFO     ___FILE_ONLY___ ═
2025-10-10 13:35:44,864 INFO     ___FILE_ONLY___ ═
2025-10-10 13:35:44,866 INFO     ___FILE_ONLY___ ═
2025-10-10 13:35:44,869 INFO     ___FILE_ONLY___ ═
2025-10-10 13:35:44,873 INFO     ___FILE_ONLY___ ═
2025-10-10 13:35:44,875 INFO     ___FILE_ONLY___ ═
2025-10-10 13:35:44,877 INFO     ___FILE_ONLY___ ═
2025-10-10 13:35:44,879 INFO     ___FILE_ONLY___ ═
2025-10-10 13:35:44,881 INFO     ___FILE_ONLY___ ═
2025-10-10 13:35:44,883 INFO     ___FILE_ONLY___ ═
2025-10-10 13:35:44,885 INFO     ___FILE_ONLY___ ═
2025-10-10 13:35:44,887 INFO     ___FILE_ONLY___ ═
2025-10-10 13:35:44,889 INFO     ___FILE_ONLY___ ═
2025-10-10 13:35:44,891 INFO     ___FILE_ONLY___ ═
2025-10-10 13:35:44,894 INFO     ___FILE_ONLY___ ═
2025-10-10 13:35:44,895 INFO     ___FILE_ONLY___ ═
2025-10-10 13:35:44,897 INFO     ___FILE_ONLY___ ═
2025-10-10 13:35:44,899 INFO     ___FILE_ONLY___ ═
2025-10-10 13:35:44,901 INFO     ___FILE_ONLY___ ═
2025-10-10 13:35:44,903 INFO     ___FILE_ONLY___ ═
2025-10-10 13:35:44,905 INFO     ___FILE_ONLY___ ═
2025-10-10 13:35:44,905 INFO     ___FILE_ONLY___ ╝

2025-10-10 13:35:44,913 INFO     ___FILE_ONLY___ ╔════════════════════════════════════════════════════════════╗

2025-10-10 13:35:44,913 INFO     ___FILE_ONLY___ ╠═ Installing: BigQuery Command Line Tool (Platform Spec... ═╣

2025-10-10 13:35:44,913 INFO     ___FILE_ONLY___ ╚
2025-10-10 13:35:44,913 INFO     ___FILE_ONLY___ ════════════════════════════════════════════════════════════
2025-10-10 13:35:44,914 INFO     ___FILE_ONLY___ ╝

2025-10-10 13:35:44,917 INFO     ___FILE_ONLY___ ╔════════════════════════════════════════════════════════════╗

2025-10-10 13:35:44,918 INFO     ___FILE_ONLY___ ╠═ Installing: Bundled Python 3.12                          ═╣

2025-10-10 13:35:44,918 INFO     ___FILE_ONLY___ ╚
2025-10-10 13:35:44,920 INFO     ___FILE_ONLY___ ════════════════════════════════════════════════════════════
2025-10-10 13:35:44,920 INFO     ___FILE_ONLY___ ╝

2025-10-10 13:35:44,922 INFO     ___FILE_ONLY___ ╔════════════════════════════════════════════════════════════╗

2025-10-10 13:35:44,922 INFO     ___FILE_ONLY___ ╠═ Installing: Bundled Python 3.12 (Platform Specific)      ═╣

2025-10-10 13:35:44,922 INFO     ___FILE_ONLY___ ╚
2025-10-10 13:35:47,055 INFO     ___FILE_ONLY___ ═
2025-10-10 13:35:47,067 INFO     ___FILE_ONLY___ ═
2025-10-10 13:35:47,078 INFO     ___FILE_ONLY___ ═
2025-10-10 13:35:47,089 INFO     ___FILE_ONLY___ ═
2025-10-10 13:35:47,101 INFO     ___FILE_ONLY___ ═
2025-10-10 13:35:47,113 INFO     ___FILE_ONLY___ ═
2025-10-10 13:35:47,125 INFO     ___FILE_ONLY___ ═
2025-10-10 13:35:47,137 INFO     ___FILE_ONLY___ ═
2025-10-10 13:35:47,153 INFO     ___FILE_ONLY___ ═
2025-10-10 13:35:47,165 INFO     ___FILE_ONLY___ ═
2025-10-10 13:35:47,182 INFO     ___FILE_ONLY___ ═
2025-10-10 13:35:47,198 INFO     ___FILE_ONLY___ ═
2025-10-10 13:35:47,210 INFO     ___FILE_ONLY___ ═
2025-10-10 13:35:47,226 INFO     ___FILE_ONLY___ ═
2025-10-10 13:35:47,244 INFO     ___FILE_ONLY___ ═
2025-10-10 13:35:47,259 INFO     ___FILE_ONLY___ ═
2025-10-10 13:35:47,277 INFO     ___FILE_ONLY___ ═
2025-10-10 13:35:47,294 INFO     ___FILE_ONLY___ ═
2025-10-10 13:35:47,306 INFO     ___FILE_ONLY___ ═
2025-10-10 13:35:47,318 INFO     ___FILE_ONLY___ ═
2025-10-10 13:35:47,331 INFO     ___FILE_ONLY___ ═
2025-10-10 13:35:47,344 INFO     ___FILE_ONLY___ ═
2025-10-10 13:35:47,357 INFO     ___FILE_ONLY___ ═
2025-10-10 13:35:47,370 INFO     ___FILE_ONLY___ ═
2025-10-10 13:35:47,382 INFO     ___FILE_ONLY___ ═
2025-10-10 13:35:47,395 INFO     ___FILE_ONLY___ ═
2025-10-10 13:35:47,407 INFO     ___FILE_ONLY___ ═
2025-10-10 13:35:47,419 INFO     ___FILE_ONLY___ ═
2025-10-10 13:35:47,432 INFO     ___FILE_ONLY___ ═
2025-10-10 13:35:47,444 INFO     ___FILE_ONLY___ ═
2025-10-10 13:35:47,456 INFO     ___FILE_ONLY___ ═
2025-10-10 13:35:47,467 INFO     ___FILE_ONLY___ ═
2025-10-10 13:35:47,479 INFO     ___FILE_ONLY___ ═
2025-10-10 13:35:47,492 INFO     ___FILE_ONLY___ ═
2025-10-10 13:35:47,508 INFO     ___FILE_ONLY___ ═
2025-10-10 13:35:47,522 INFO     ___FILE_ONLY___ ═
2025-10-10 13:35:48,345 INFO     ___FILE_ONLY___ ═
2025-10-10 13:35:48,369 INFO     ___FILE_ONLY___ ═
2025-10-10 13:35:48,840 INFO     ___FILE_ONLY___ ═
2025-10-10 13:35:48,857 INFO     ___FILE_ONLY___ ═
2025-10-10 13:35:48,878 INFO     ___FILE_ONLY___ ═
2025-10-10 13:35:48,902 INFO     ___FILE_ONLY___ ═
2025-10-10 13:35:48,920 INFO     ___FILE_ONLY___ ═
2025-10-10 13:35:48,946 INFO     ___FILE_ONLY___ ═
2025-10-10 13:35:48,965 INFO     ___FILE_ONLY___ ═
2025-10-10 13:35:48,983 INFO     ___FILE_ONLY___ ═
2025-10-10 13:35:48,999 INFO     ___FILE_ONLY___ ═
2025-10-10 13:35:49,015 INFO     ___FILE_ONLY___ ═
2025-10-10 13:35:49,100 INFO     ___FILE_ONLY___ ═
2025-10-10 13:35:49,117 INFO     ___FILE_ONLY___ ═
2025-10-10 13:35:49,255 INFO     ___FILE_ONLY___ ═
2025-10-10 13:35:49,279 INFO     ___FILE_ONLY___ ═
2025-10-10 13:35:49,298 INFO     ___FILE_ONLY___ ═
2025-10-10 13:35:49,319 INFO     ___FILE_ONLY___ ═
2025-10-10 13:35:49,334 INFO     ___FILE_ONLY___ ═
2025-10-10 13:35:49,358 INFO     ___FILE_ONLY___ ═
2025-10-10 13:35:49,375 INFO     ___FILE_ONLY___ ═
2025-10-10 13:35:49,391 INFO     ___FILE_ONLY___ ═
2025-10-10 13:35:49,418 INFO     ___FILE_ONLY___ ═
2025-10-10 13:35:49,877 INFO     ___FILE_ONLY___ ═
2025-10-10 13:35:49,877 INFO     ___FILE_ONLY___ ╝

2025-10-10 13:35:49,927 INFO     ___FILE_ONLY___ ╔════════════════════════════════════════════════════════════╗

2025-10-10 13:35:49,928 INFO     ___FILE_ONLY___ ╠═ Installing: Cloud Storage Command Line Tool              ═╣

2025-10-10 13:35:49,928 INFO     ___FILE_ONLY___ ╚
2025-10-10 13:35:50,465 INFO     ___FILE_ONLY___ ═
2025-10-10 13:35:50,476 INFO     ___FILE_ONLY___ ═
2025-10-10 13:35:50,487 INFO     ___FILE_ONLY___ ═
2025-10-10 13:35:50,497 INFO     ___FILE_ONLY___ ═
2025-10-10 13:35:50,506 INFO     ___FILE_ONLY___ ═
2025-10-10 13:35:50,540 INFO     ___FILE_ONLY___ ═
2025-10-10 13:35:50,553 INFO     ___FILE_ONLY___ ═
2025-10-10 13:35:50,568 INFO     ___FILE_ONLY___ ═
2025-10-10 13:35:50,583 INFO     ___FILE_ONLY___ ═
2025-10-10 13:35:50,597 INFO     ___FILE_ONLY___ ═
2025-10-10 13:35:50,614 INFO     ___FILE_ONLY___ ═
2025-10-10 13:35:50,625 INFO     ___FILE_ONLY___ ═
2025-10-10 13:35:50,637 INFO     ___FILE_ONLY___ ═
2025-10-10 13:35:50,645 INFO     ___FILE_ONLY___ ═
2025-10-10 13:35:50,655 INFO     ___FILE_ONLY___ ═
2025-10-10 13:35:50,671 INFO     ___FILE_ONLY___ ═
2025-10-10 13:35:50,684 INFO     ___FILE_ONLY___ ═
2025-10-10 13:35:50,693 INFO     ___FILE_ONLY___ ═
2025-10-10 13:35:50,708 INFO     ___FILE_ONLY___ ═
2025-10-10 13:35:50,719 INFO     ___FILE_ONLY___ ═
2025-10-10 13:35:50,728 INFO     ___FILE_ONLY___ ═
2025-10-10 13:35:50,740 INFO     ___FILE_ONLY___ ═
2025-10-10 13:35:50,749 INFO     ___FILE_ONLY___ ═
2025-10-10 13:35:50,760 INFO     ___FILE_ONLY___ ═
2025-10-10 13:35:50,770 INFO     ___FILE_ONLY___ ═
2025-10-10 13:35:50,779 INFO     ___FILE_ONLY___ ═
2025-10-10 13:35:50,789 INFO     ___FILE_ONLY___ ═
2025-10-10 13:35:50,803 INFO     ___FILE_ONLY___ ═
2025-10-10 13:35:50,818 INFO     ___FILE_ONLY___ ═
2025-10-10 13:35:50,830 INFO     ___FILE_ONLY___ ═
2025-10-10 13:35:50,842 INFO     ___FILE_ONLY___ ═
2025-10-10 13:35:50,862 INFO     ___FILE_ONLY___ ═
2025-10-10 13:35:50,877 INFO     ___FILE_ONLY___ ═
2025-10-10 13:35:50,895 INFO     ___FILE_ONLY___ ═
2025-10-10 13:35:50,909 INFO     ___FILE_ONLY___ ═
2025-10-10 13:35:50,925 INFO     ___FILE_ONLY___ ═
2025-10-10 13:35:50,934 INFO     ___FILE_ONLY___ ═
2025-10-10 13:35:50,944 INFO     ___FILE_ONLY___ ═
2025-10-10 13:35:50,978 INFO     ___FILE_ONLY___ ═
2025-10-10 13:35:50,997 INFO     ___FILE_ONLY___ ═
2025-10-10 13:35:51,009 INFO     ___FILE_ONLY___ ═
2025-10-10 13:35:51,019 INFO     ___FILE_ONLY___ ═
2025-10-10 13:35:51,028 INFO     ___FILE_ONLY___ ═
2025-10-10 13:35:51,039 INFO     ___FILE_ONLY___ ═
2025-10-10 13:35:51,049 INFO     ___FILE_ONLY___ ═
2025-10-10 13:35:51,058 INFO     ___FILE_ONLY___ ═
2025-10-10 13:35:51,068 INFO     ___FILE_ONLY___ ═
2025-10-10 13:35:51,077 INFO     ___FILE_ONLY___ ═
2025-10-10 13:35:51,086 INFO     ___FILE_ONLY___ ═
2025-10-10 13:35:51,099 INFO     ___FILE_ONLY___ ═
2025-10-10 13:35:51,113 INFO     ___FILE_ONLY___ ═
2025-10-10 13:35:51,126 INFO     ___FILE_ONLY___ ═
2025-10-10 13:35:51,139 INFO     ___FILE_ONLY___ ═
2025-10-10 13:35:51,152 INFO     ___FILE_ONLY___ ═
2025-10-10 13:35:51,164 INFO     ___FILE_ONLY___ ═
2025-10-10 13:35:51,178 INFO     ___FILE_ONLY___ ═
2025-10-10 13:35:51,194 INFO     ___FILE_ONLY___ ═
2025-10-10 13:35:51,214 INFO     ___FILE_ONLY___ ═
2025-10-10 13:35:51,230 INFO     ___FILE_ONLY___ ═
2025-10-10 13:35:51,247 INFO     ___FILE_ONLY___ ═
2025-10-10 13:35:51,247 INFO     ___FILE_ONLY___ ╝

2025-10-10 13:35:51,277 INFO     ___FILE_ONLY___ ╔════════════════════════════════════════════════════════════╗

2025-10-10 13:35:51,277 INFO     ___FILE_ONLY___ ╠═ Installing: Cloud Storage Command Line Tool (Platform... ═╣

2025-10-10 13:35:51,277 INFO     ___FILE_ONLY___ ╚
2025-10-10 13:35:51,278 INFO     ___FILE_ONLY___ ════════════════════════════════════════════════════════════
2025-10-10 13:35:51,278 INFO     ___FILE_ONLY___ ╝

2025-10-10 13:35:51,282 INFO     ___FILE_ONLY___ ╔════════════════════════════════════════════════════════════╗

2025-10-10 13:35:51,282 INFO     ___FILE_ONLY___ ╠═ Installing: Default set of gcloud commands               ═╣

2025-10-10 13:35:51,282 INFO     ___FILE_ONLY___ ╚
2025-10-10 13:35:51,284 INFO     ___FILE_ONLY___ ════════════════════════════════════════════════════════════
2025-10-10 13:35:51,284 INFO     ___FILE_ONLY___ ╝

2025-10-10 13:35:51,286 INFO     ___FILE_ONLY___ ╔════════════════════════════════════════════════════════════╗

2025-10-10 13:35:51,286 INFO     ___FILE_ONLY___ ╠═ Installing: Google Cloud CLI Core Libraries (Platform... ═╣

2025-10-10 13:35:51,286 INFO     ___FILE_ONLY___ ╚
2025-10-10 13:35:51,287 INFO     ___FILE_ONLY___ ══════════════════════════════
2025-10-10 13:35:51,287 INFO     ___FILE_ONLY___ ══════════════════════════════
2025-10-10 13:35:51,287 INFO     ___FILE_ONLY___ ╝

2025-10-10 13:35:51,291 INFO     ___FILE_ONLY___ ╔════════════════════════════════════════════════════════════╗

2025-10-10 13:35:51,291 INFO     ___FILE_ONLY___ ╠═ Installing: Google Cloud CRC32C Hash Tool                ═╣

2025-10-10 13:35:51,291 INFO     ___FILE_ONLY___ ╚
2025-10-10 13:35:51,293 INFO     ___FILE_ONLY___ ════════════════════════════════════════════════════════════
2025-10-10 13:35:51,293 INFO     ___FILE_ONLY___ ╝

2025-10-10 13:35:51,295 INFO     ___FILE_ONLY___ ╔════════════════════════════════════════════════════════════╗

2025-10-10 13:35:51,295 INFO     ___FILE_ONLY___ ╠═ Installing: Google Cloud CRC32C Hash Tool (Platform S... ═╣

2025-10-10 13:35:51,295 INFO     ___FILE_ONLY___ ╚
2025-10-10 13:35:51,332 INFO     ___FILE_ONLY___ ══════════════════════════════
2025-10-10 13:35:51,332 INFO     ___FILE_ONLY___ ══════════════════════════════
2025-10-10 13:35:51,332 INFO     ___FILE_ONLY___ ╝

2025-10-10 13:35:51,337 INFO     ___FILE_ONLY___ ╔════════════════════════════════════════════════════════════╗

2025-10-10 13:35:51,337 INFO     ___FILE_ONLY___ ╠═ Installing: gcloud cli dependencies (Platform Specific)  ═╣

2025-10-10 13:35:51,337 INFO     ___FILE_ONLY___ ╚
2025-10-10 13:35:51,337 INFO     ___FILE_ONLY___ ════════════════════════════════════════════════════════════
2025-10-10 13:35:51,337 INFO     ___FILE_ONLY___ ╝

2025-10-10 13:35:51,342 DEBUG    root            Updating notification cache...
2025-10-10 13:35:51,342 INFO     ___FILE_ONLY___ 

2025-10-10 13:35:51,344 INFO     ___FILE_ONLY___ Performing post processing steps...
2025-10-10 13:35:51,344 DEBUG    root            Executing command: ['/tools/google-cloud-sdk/bin/gcloud', 'components', 'post-process']
2025-10-10 13:35:59,914 DEBUG    ___FILE_ONLY___ 
2025-10-10 13:35:59,914 DEBUG    ___FILE_ONLY___ 
2025-10-10 13:36:00,136 INFO     root            descriptor_list: [{'universeDomain': 'googleapis.com', 'universeShortName': '', 'authenticationDomain': 'auth.cloud.google.com', 'projectPrefix': '', 'cloudWebDomain': 'cloud.google.com', 'documentationDomain': 'cloud.google.com', 'version': '1.0.0', 'state': 'primary', 'artifactRegistryDomain': 'pkg.dev'}]
2025-10-10 13:36:00,137 INFO     ___FILE_ONLY___ 
Update done!


2025-10-10 13:36:00,140 DEBUG    root            Chosen display Format:none
2025-10-10 13:36:00,140 INFO     root            Display format: "none"
